<?xml version='1.0' encoding='UTF-8'?>
<testsuite hostname="Michele6sIphone.localdomain" name="example.BowlingTest" tests="34" errors="0" failures="0" skipped="0" time="0.369">
                     <properties>
[...]
</properties>
                     <testcase classname="example.BowlingTest" name="inputToArray should turn a string of space delimited strikes to an array of strikes" time="0.049">
                                                 
                                               </testcase><testcase classname="example.BowlingTest" name="lastFrameScore should interpret strike, strike, digit" time="0.0">
                                                 
                                               </testcase><testcase classname="example.BowlingTest" name="lastFrameScore should interpret strike, digit, spare" time="0.001">
                                                 
                                               </testcase><testcase classname="example.BowlingTest" name="lastFrameScore should interpret strike, digit, miss" time="0.001">
                                                 
                                               </testcase><testcase classname="example.BowlingTest" name="lastFrameScore should interpret strike, digit, digit" time="0.003">
                                                 
                                               </testcase><testcase classname="example.BowlingTest" name="lastFrameScore should interpret strike, miss, digit" time="0.001">
                                                 
                                               </testcase><testcase classname="example.BowlingTest" name="lastFrameScore should interpret digit, miss" time="0.001">
                                                 
                                               </testcase><testcase classname="example.BowlingTest" name="lastFrameScore should interpret digit, digit" time="0.0">
                                                 
                                               </testcase><testcase classname="example.BowlingTest" name="lastFrameScore should interpret miss, digit" time="0.0">
                                                 
                                               </testcase><testcase classname="example.BowlingTest" name="lastFrameScore should interpret digit, spare, miss" time="0.002">
                                                 
                                               </testcase><testcase classname="example.BowlingTest" name="lastFrameScore should interpret digit, spare, digit" time="0.001">
                                                 
                                               </testcase><testcase classname="example.BowlingTest" name="lastFrameScore should interpret digit, spare, strike" time="0.002">
                                                 
                                               </testcase><testcase classname="example.BowlingTest" name="lastFrameScore should interpret miss, spare, digit" time="0.001">
                                                 
                                               </testcase><testcase classname="example.BowlingTest" name="lastFrameScore should not interpret miss, spare, digit, strike" time="0.0">
                                                 
                                               </testcase><testcase classname="example.BowlingTest" name="lastFrameScore should not interpret four strikes" time="0.001">
                                                 
                                               </testcase><testcase classname="example.BowlingTest" name="lastFrameScore should interpret empty array as misses" time="0.001">
                                                 
                                               </testcase><testcase classname="example.BowlingTest" name="singleFrameScore should interpret miss, digit" time="0.001">
                                                 
                                               </testcase><testcase classname="example.BowlingTest" name="singleFrameScore should interpret miss, miss" time="0.0">
                                                 
                                               </testcase><testcase classname="example.BowlingTest" name="singleFrameScore should interpret miss, spare" time="0.0">
                                                 
                                               </testcase><testcase classname="example.BowlingTest" name="singleFrameScore should interpret digit, spare" time="0.001">
                                                 
                                               </testcase><testcase classname="example.BowlingTest" name="singleFrameScore should interpret digit, miss" time="0.0">
                                                 
                                               </testcase><testcase classname="example.BowlingTest" name="singleFrameScore should interpret digit, digit" time="0.0">
                                                 
                                               </testcase><testcase classname="example.BowlingTest" name="evalScore should score 'X X X X X X X X X X X X' as 300" time="0.294">
                                                 
                                               </testcase><testcase classname="example.BowlingTest" name="evalScore should score '9- 9- 9- 9- 9- 9- 9- 9- 9- 9-' as 90" time="0.001">
                                                 
                                               </testcase><testcase classname="example.BowlingTest" name="evalScore should score '5/ 5/ 5/ 5/ 5/ 5/ 5/ 5/ 5/ 5/5' as 150" time="0.001">
                                                 
                                               </testcase><testcase classname="example.BowlingTest" name="evalScore should score '5/ X 5/ X 5/ X 5/ X 5/ 5/X' as 195" time="0.001">
                                                 
                                               </testcase><testcase classname="example.BowlingTest" name="evalScore should score '-- -- -- -- -- -- -- -- -- X --' as 10" time="0.0">
                                                 
                                               </testcase><testcase classname="example.BowlingTest" name="evalScore should score '52 42 32 42 52 62 5/ 5/ X X 32' as 112" time="0.001">
                                                 
                                               </testcase><testcase classname="example.BowlingTest" name="evalScore should score '58 42 32 42 52 62 5/ 5/ X X 32' as None" time="0.001">
                                                 
                                               </testcase><testcase classname="example.BowlingTest" name="evalScore should score '/2 42 32 42 52 62 5/ 5/ X X 32' as None" time="0.001">
                                                 
                                               </testcase><testcase classname="example.BowlingTest" name="evalScore should score '5X 42 32 42 52 62 5/ 5/ X X 32' as None" time="0.001">
                                                 
                                               </testcase><testcase classname="example.BowlingTest" name="evalScore should score 'X X 9-' as 57" time="0.001">
                                                 
                                               </testcase><testcase classname="example.BowlingTest" name="evalScore should not score a partial game ending in a spare" time="0.001">
                                                 
                                               </testcase><testcase classname="example.BowlingTest" name="evalScore should not score a partial game ending in a strike" time="0.0">
                                                 
                                               </testcase>
                     <system-out><![CDATA[]]></system-out>
                     <system-err><![CDATA[]]></system-err>
                   </testsuite>